Using pre-set license
Built from '2022.3/staging' branch; Version is '2022.3.10f1 (ff3792e53c62) revision 16725906'; Using compiler version '192829333'; Build Type 'Release'
OS: 'Windows 10  (10.0.19045) 64bit Professional' Language: 'es' Physical Memory: 32616 MB
BatchMode: 1, IsHumanControllingUs: 0, StartBugReporterOnCrash: 0, Is64bit: 1, IsPro: 1

COMMAND LINE ARGUMENTS:
C:\Program Files\Unity\Hub\Editor\2022.3.10f1\Editor\Unity.exe
-adb2
-batchMode
-noUpm
-name
AssetImportWorker0
-projectPath
C:/Users/migue/Lampara
-logFile
Logs/AssetImportWorker0.log
-srvPort
51812
Successfully changed project path to: C:/Users/migue/Lampara
C:/Users/migue/Lampara
[UnityMemory] Configuration Parameters - Can be set up in boot.config
    "memorysetup-bucket-allocator-granularity=16"
    "memorysetup-bucket-allocator-bucket-count=8"
    "memorysetup-bucket-allocator-block-size=33554432"
    "memorysetup-bucket-allocator-block-count=8"
    "memorysetup-main-allocator-block-size=16777216"
    "memorysetup-thread-allocator-block-size=16777216"
    "memorysetup-gfx-main-allocator-block-size=16777216"
    "memorysetup-gfx-thread-allocator-block-size=16777216"
    "memorysetup-cache-allocator-block-size=4194304"
    "memorysetup-typetree-allocator-block-size=2097152"
    "memorysetup-profiler-bucket-allocator-granularity=16"
    "memorysetup-profiler-bucket-allocator-bucket-count=8"
    "memorysetup-profiler-bucket-allocator-block-size=33554432"
    "memorysetup-profiler-bucket-allocator-block-count=8"
    "memorysetup-profiler-allocator-block-size=16777216"
    "memorysetup-profiler-editor-allocator-block-size=1048576"
    "memorysetup-temp-allocator-size-main=16777216"
    "memorysetup-job-temp-allocator-block-size=2097152"
    "memorysetup-job-temp-allocator-block-size-background=1048576"
    "memorysetup-job-temp-allocator-reduction-small-platforms=262144"
    "memorysetup-allocator-temp-initial-block-size-main=262144"
    "memorysetup-allocator-temp-initial-block-size-worker=262144"
    "memorysetup-temp-allocator-size-background-worker=32768"
    "memorysetup-temp-allocator-size-job-worker=262144"
    "memorysetup-temp-allocator-size-preload-manager=33554432"
    "memorysetup-temp-allocator-size-nav-mesh-worker=65536"
    "memorysetup-temp-allocator-size-audio-worker=65536"
    "memorysetup-temp-allocator-size-cloud-worker=32768"
    "memorysetup-temp-allocator-size-gi-baking-worker=262144"
    "memorysetup-temp-allocator-size-gfx=262144"
Player connection [8212] Host "[IP] 192.168.100.79 [Port] 0 [Flags] 2 [Guid] 4287336199 [EditorId] 4287336199 [Version] 1048832 [Id] WindowsEditor(7,DESKTOP-0F7I197) [Debug] 1 [PackageName] WindowsEditor [ProjectName] Editor" joined multi-casting on [225.0.0.222:54997]...

Player connection [8212] Host "[IP] 192.168.100.79 [Port] 0 [Flags] 2 [Guid] 4287336199 [EditorId] 4287336199 [Version] 1048832 [Id] WindowsEditor(7,DESKTOP-0F7I197) [Debug] 1 [PackageName] WindowsEditor [ProjectName] Editor" joined alternative multi-casting on [225.0.0.222:34997]...

[Physics::Module] Initialized MultithreadedJobDispatcher with 7 workers.
Refreshing native plugins compatible for Editor in 30.45 ms, found 3 plugins.
Preloading 0 native plugins for Editor in 0.00 ms.
Initialize engine version: 2022.3.10f1 (ff3792e53c62)
[Subsystems] Discovering subsystems at path C:/Program Files/Unity/Hub/Editor/2022.3.10f1/Editor/Data/Resources/UnitySubsystems
[Subsystems] Discovering subsystems at path C:/Users/migue/Lampara/Assets
GfxDevice: creating device client; threaded=0; jobified=0
Direct3D:
    Version:  Direct3D 11.0 [level 11.1]
    Renderer: Intel(R) HD Graphics 530 (ID=0x191b)
    Vendor:   Intel
    VRAM:     16308 MB
Initialize mono
Mono path[0] = 'C:/Program Files/Unity/Hub/Editor/2022.3.10f1/Editor/Data/Managed'
Mono path[1] = 'C:/Program Files/Unity/Hub/Editor/2022.3.10f1/Editor/Data/MonoBleedingEdge/lib/mono/unityjit-win32'
Mono config path = 'C:/Program Files/Unity/Hub/Editor/2022.3.10f1/Editor/Data/MonoBleedingEdge/etc'
Using monoOptions --debugger-agent=transport=dt_socket,embedding=1,server=y,suspend=n,address=127.0.0.1:56380
Begin MonoManager ReloadAssembly
Registering precompiled unity dll's ...
Register platform support module: C:/Program Files/Unity/Hub/Editor/2022.3.10f1/Editor/Data/PlaybackEngines/WebGLSupport/UnityEditor.WebGL.Extensions.dll
Register platform support module: C:/Program Files/Unity/Hub/Editor/2022.3.10f1/Editor/Data/PlaybackEngines/WindowsStandaloneSupport/UnityEditor.WindowsStandalone.Extensions.dll
Registered in 0.037072 seconds.
- Loaded All Assemblies, in  1.015 seconds
Native extension for WindowsStandalone target not found
Native extension for WebGL target not found
Mono: successfully reloaded assembly
- Finished resetting the current domain, in  0.649 seconds
Domain Reload Profiling: 1657ms
	BeginReloadAssembly (307ms)
		ExecutionOrderSort (0ms)
		DisableScriptedObjects (0ms)
		BackupInstance (0ms)
		ReleaseScriptingObjects (0ms)
		CreateAndSetChildDomain (2ms)
	RebuildCommonClasses (101ms)
	RebuildNativeTypeToScriptingClass (30ms)
	initialDomainReloadingComplete (187ms)
	LoadAllAssembliesAndSetupDomain (383ms)
		LoadAssemblies (301ms)
		RebuildTransferFunctionScriptingTraits (0ms)
		AnalyzeDomain (378ms)
			TypeCache.Refresh (375ms)
				TypeCache.ScanAssembly (342ms)
			ScanForSourceGeneratedMonoScriptInfo (1ms)
			ResolveRequiredComponents (1ms)
	FinalizeReload (650ms)
		ReleaseScriptCaches (0ms)
		RebuildScriptCaches (0ms)
		SetupLoadedEditorAssemblies (491ms)
			LogAssemblyErrors (0ms)
			InitializePlatformSupportModulesInManaged (29ms)
			SetLoadedEditorAssemblies (12ms)
			RefreshPlugins (0ms)
			BeforeProcessingInitializeOnLoad (4ms)
			ProcessInitializeOnLoadAttributes (324ms)
			ProcessInitializeOnLoadMethodAttributes (121ms)
			AfterProcessingInitializeOnLoad (0ms)
			EditorAssembliesLoaded (0ms)
		ExecutionOrderSort2 (0ms)
		AwakeInstancesAfterBackupRestoration (0ms)
========================================================================
Worker process is ready to serve import requests
Begin MonoManager ReloadAssembly
- Loaded All Assemblies, in  1.788 seconds
Refreshing native plugins compatible for Editor in 10.71 ms, found 3 plugins.
Native extension for WindowsStandalone target not found
Native extension for WebGL target not found
Package Manager log level set to [2]
[Package Manager] Server::EnsureServerProcessIsRunning -- launch failed, reason: Unity was launched with the -noUpm command-line argument
[Package Manager] UpmClient::Send -- Unable to send message (not connected to UPM process).
[Package Manager] Cannot connect to Unity Package Manager local server
Mono: successfully reloaded assembly
- Finished resetting the current domain, in  1.629 seconds
Domain Reload Profiling: 3404ms
	BeginReloadAssembly (394ms)
		ExecutionOrderSort (0ms)
		DisableScriptedObjects (15ms)
		BackupInstance (0ms)
		ReleaseScriptingObjects (0ms)
		CreateAndSetChildDomain (46ms)
	RebuildCommonClasses (97ms)
	RebuildNativeTypeToScriptingClass (33ms)
	initialDomainReloadingComplete (127ms)
	LoadAllAssembliesAndSetupDomain (1122ms)
		LoadAssemblies (855ms)
		RebuildTransferFunctionScriptingTraits (0ms)
		AnalyzeDomain (506ms)
			TypeCache.Refresh (436ms)
				TypeCache.ScanAssembly (400ms)
			ScanForSourceGeneratedMonoScriptInfo (44ms)
			ResolveRequiredComponents (24ms)
	FinalizeReload (1630ms)
		ReleaseScriptCaches (0ms)
		RebuildScriptCaches (0ms)
		SetupLoadedEditorAssemblies (1181ms)
			LogAssemblyErrors (0ms)
			InitializePlatformSupportModulesInManaged (21ms)
			SetLoadedEditorAssemblies (7ms)
			RefreshPlugins (0ms)
			BeforeProcessingInitializeOnLoad (189ms)
			ProcessInitializeOnLoadAttributes (767ms)
			ProcessInitializeOnLoadMethodAttributes (170ms)
			AfterProcessingInitializeOnLoad (26ms)
			EditorAssembliesLoaded (0ms)
		ExecutionOrderSort2 (0ms)
		AwakeInstancesAfterBackupRestoration (18ms)
Launched and connected shader compiler UnityShaderCompiler.exe after 0.09 seconds
Refreshing native plugins compatible for Editor in 11.12 ms, found 3 plugins.
Preloading 0 native plugins for Editor in 0.00 ms.
Unloading 4899 Unused Serialized files (Serialized files now loaded: 0)
Unloading 74 unused Assets / (0.8 MB). Loaded Objects now: 5346.
Memory consumption went from 192.8 MB to 192.1 MB.
Total: 9.073400 ms (FindLiveObjects: 2.341500 ms CreateObjectMapping: 0.560900 ms MarkObjects: 5.692800 ms  DeleteObjects: 0.476700 ms)

AssetImportParameters requested are different than current active one (requested -> active):
  custom:container-demuxer-ogg: 62fdf1f143b41e24485cea50d1cbac27 -> 
  custom:video-decoder-ogg-theora: a1e56fd34408186e4bbccfd4996cb3dc -> 
  custom:framework-win-MediaFoundation: 216162199b28c13a410421893ffa2e32 -> 
  custom:container-demuxer-webm: 4f35f7cbe854078d1ac9338744f61a02 -> 
  custom:container-muxer-webm: aa71ff27fc2769a1b78a27578f13a17b -> 
  custom:video-decoder-webm-vp8: 9c59270c3fd7afecdb556c50c9e8de78 -> 
  custom:AudioImporter_EditorPlatform: d09bf68614088b80899f8185d706f6e7 -> 
  custom:video-encoder-webm-vp8: eb34c28f22e8b96e1ab97ce403110664 -> 
  custom:audio-decoder-ogg-vorbis: bf7c407c2cedff20999df2af8eb42d56 -> 
  custom:audio-encoder-webm-vorbis: bf7c407c2cedff20999df2af8eb42d56 -> 
========================================================================
Received Import Request.
  Time since last request: 192442.330847 seconds.
  path: Assets/UniversalRenderPipelineGlobalSettings.asset
  artifactKey: Guid(18dc0cd2c080841dea60987a38ce93fa) Importer(815301076,1909f56bfc062723c751e8b465ee728b)
Start importing Assets/UniversalRenderPipelineGlobalSettings.asset using Guid(18dc0cd2c080841dea60987a38ce93fa) Importer(815301076,1909f56bfc062723c751e8b465ee728b)  -> (artifact id: 'bf838204690c17767bba5a3a082540b0') in 0.020543 seconds
Number of updated asset objects reloaded before import = 2
Number of asset objects unloaded after import = 1
========================================================================
Received Prepare
Refreshing native plugins compatible for Editor in 11.25 ms, found 3 plugins.
Preloading 0 native plugins for Editor in 0.00 ms.
Unloading 12 Unused Serialized files (Serialized files now loaded: 0)
Unloading 12 unused Assets / (0.7 MB). Loaded Objects now: 5347.
Memory consumption went from 95.6 MB to 94.8 MB.
Total: 10.976100 ms (FindLiveObjects: 0.508100 ms CreateObjectMapping: 0.588700 ms MarkObjects: 9.314100 ms  DeleteObjects: 0.563800 ms)

Prepare: number of updated asset objects reloaded= 0
AssetImportParameters requested are different than current active one (requested -> active):
  custom:container-demuxer-ogg: 62fdf1f143b41e24485cea50d1cbac27 -> 
  custom:video-decoder-ogg-theora: a1e56fd34408186e4bbccfd4996cb3dc -> 
  custom:framework-win-MediaFoundation: 216162199b28c13a410421893ffa2e32 -> 
  custom:CustomObjectIndexerAttribute: a3ef5dd2817f97addfee359851a9dba5 -> 
  custom:container-demuxer-webm: 4f35f7cbe854078d1ac9338744f61a02 -> 
  custom:container-muxer-webm: aa71ff27fc2769a1b78a27578f13a17b -> 
  custom:video-decoder-webm-vp8: 9c59270c3fd7afecdb556c50c9e8de78 -> 
  custom:SearchIndexIgnoredProperties: e643bd26f0fe6173181afceb89e7c659 -> 
  custom:AudioImporter_EditorPlatform: d09bf68614088b80899f8185d706f6e7 -> 
  custom:video-encoder-webm-vp8: eb34c28f22e8b96e1ab97ce403110664 -> 
  custom:audio-decoder-ogg-vorbis: bf7c407c2cedff20999df2af8eb42d56 -> 
  custom:audio-encoder-webm-vorbis: bf7c407c2cedff20999df2af8eb42d56 -> 
========================================================================
Received Import Request.
  Time since last request: 11.094726 seconds.
  path: Assets
  artifactKey: Guid(00000000000000001000000000000000) Importer(815301076,1909f56bfc062723c751e8b465ee728b)
Start importing Assets using Guid(00000000000000001000000000000000) Importer(815301076,1909f56bfc062723c751e8b465ee728b)  -> (artifact id: '8a4fe85251aa2e89732c359432baa2c3') in 0.001248 seconds
Number of updated asset objects reloaded before import = 0
Number of asset objects unloaded after import = 0
========================================================================
Received Import Request.
  Time since last request: 6.526767 seconds.
  path: Assets/Assets
  artifactKey: Guid(f98bae6e2aad088458bbae4392a0a764) Importer(815301076,1909f56bfc062723c751e8b465ee728b)
Start importing Assets/Assets using Guid(f98bae6e2aad088458bbae4392a0a764) Importer(815301076,1909f56bfc062723c751e8b465ee728b)  -> (artifact id: 'b3976ab54329516d0664c4f67c59fd32') in 0.000814 seconds
Number of updated asset objects reloaded before import = 0
Number of asset objects unloaded after import = 0
========================================================================
Received Import Request.
  Time since last request: 5.932372 seconds.
  path: Assets/Prefabs
  artifactKey: Guid(0e9ebf0c98c74a645a5d108ccbd58686) Importer(815301076,1909f56bfc062723c751e8b465ee728b)
Start importing Assets/Prefabs using Guid(0e9ebf0c98c74a645a5d108ccbd58686) Importer(815301076,1909f56bfc062723c751e8b465ee728b)  -> (artifact id: 'f399c7928b0de68ee0ecb016cfc817d5') in 0.000770 seconds
Number of updated asset objects reloaded before import = 0
Number of asset objects unloaded after import = 0
========================================================================
Received Import Request.
  Time since last request: 35.496202 seconds.
  path: Assets/Assets/Hamburguesa_High.fbx
  artifactKey: Guid(fa2833db7a5ab9a49886a47ba6598e88) Importer(815301076,1909f56bfc062723c751e8b465ee728b)
Start importing Assets/Assets/Hamburguesa_High.fbx using Guid(fa2833db7a5ab9a49886a47ba6598e88) Importer(815301076,1909f56bfc062723c751e8b465ee728b)  -> (artifact id: 'f2bb60853c7164df454b263ba56da459') in 2.776847 seconds
Number of updated asset objects reloaded before import = 0
Number of asset objects unloaded after import = 10
========================================================================
Received Import Request.
  Time since last request: 1.143370 seconds.
  path: Assets/Assets/Hamburguesa_Low.fbx
  artifactKey: Guid(4ccacf223a869ba438eb263b561d901d) Importer(815301076,1909f56bfc062723c751e8b465ee728b)
Start importing Assets/Assets/Hamburguesa_Low.fbx using Guid(4ccacf223a869ba438eb263b561d901d) Importer(815301076,1909f56bfc062723c751e8b465ee728b)  -> (artifact id: '95d44d140f33f0584285943d3a14ca2d') in 0.029508 seconds
Number of updated asset objects reloaded before import = 0
Number of asset objects unloaded after import = 9
========================================================================
Received Import Request.
  Time since last request: 42.793994 seconds.
  path: Assets/Assets/Text.mat
  artifactKey: Guid(d623a01c15e3d554f8af431eb5fac570) Importer(815301076,1909f56bfc062723c751e8b465ee728b)
Start importing Assets/Assets/Text.mat using Guid(d623a01c15e3d554f8af431eb5fac570) Importer(815301076,1909f56bfc062723c751e8b465ee728b)  -> (artifact id: 'f6f2c2ba69ac7f8c1622bda79f147749') in 0.016699 seconds
Number of updated asset objects reloaded before import = 1
Number of asset objects unloaded after import = 1
========================================================================
Received Import Request.
  Time since last request: 10.901173 seconds.
  path: Assets/Assets/Hamburguesa_Low_lambert1_AlbedoTransparency.1001.png
  artifactKey: Guid(f15b3d0be34942e4fa9b7631d6489a66) Importer(815301076,1909f56bfc062723c751e8b465ee728b)
Start importing Assets/Assets/Hamburguesa_Low_lambert1_AlbedoTransparency.1001.png using Guid(f15b3d0be34942e4fa9b7631d6489a66) Importer(815301076,1909f56bfc062723c751e8b465ee728b)  -> (artifact id: '862e7b9d541c82d6610ccb8e0682d0f2') in 0.065196 seconds
Number of updated asset objects reloaded before import = 0
Number of asset objects unloaded after import = 2
========================================================================
Received Import Request.
  Time since last request: 0.000035 seconds.
  path: Assets/Assets/Hamburguesa_Low_lambert1_Normal.1001.png
  artifactKey: Guid(dcfe5ca394d02f6438c273cbedc14a67) Importer(815301076,1909f56bfc062723c751e8b465ee728b)
Start importing Assets/Assets/Hamburguesa_Low_lambert1_Normal.1001.png using Guid(dcfe5ca394d02f6438c273cbedc14a67) Importer(815301076,1909f56bfc062723c751e8b465ee728b)  -> (artifact id: '931a3fef22b5a66e7f12169ba212e900') in 0.039942 seconds
Number of updated asset objects reloaded before import = 0
Number of asset objects unloaded after import = 2
========================================================================
Received Import Request.
  Time since last request: 182.015795 seconds.
  path: Assets/Assets/New Lighting Settings.lighting
  artifactKey: Guid(15f4f61b9c10dfc46936f8ee90e97686) Importer(815301076,1909f56bfc062723c751e8b465ee728b)
Start importing Assets/Assets/New Lighting Settings.lighting using Guid(15f4f61b9c10dfc46936f8ee90e97686) Importer(815301076,1909f56bfc062723c751e8b465ee728b)  -> (artifact id: '3b0d860804473f599db29a794ccf5fab') in 0.001905 seconds
Number of updated asset objects reloaded before import = 0
Number of asset objects unloaded after import = 1
========================================================================
Received Import Request.
  Time since last request: 99.736164 seconds.
  path: Assets/UniversalRenderPipelineGlobalSettings.asset
  artifactKey: Guid(18dc0cd2c080841dea60987a38ce93fa) Importer(815301076,1909f56bfc062723c751e8b465ee728b)
Start importing Assets/UniversalRenderPipelineGlobalSettings.asset using Guid(18dc0cd2c080841dea60987a38ce93fa) Importer(815301076,1909f56bfc062723c751e8b465ee728b)  -> (artifact id: '0826c28cb0ac08c7995a8211ea1eb1f9') in 0.001226 seconds
Number of updated asset objects reloaded before import = 0
Number of asset objects unloaded after import = 0
========================================================================
Received Import Request.
  Time since last request: 15.828240 seconds.
  path: Assets/Settings/SampleSceneProfile.asset
  artifactKey: Guid(a6560a915ef98420e9faacc1c7438823) Importer(815301076,1909f56bfc062723c751e8b465ee728b)
Start importing Assets/Settings/SampleSceneProfile.asset using Guid(a6560a915ef98420e9faacc1c7438823) Importer(815301076,1909f56bfc062723c751e8b465ee728b)  -> (artifact id: '1b361753c69affde0771b0f5946dc5ff') in 0.003860 seconds
Number of updated asset objects reloaded before import = 0
Number of asset objects unloaded after import = 4
========================================================================
Received Import Request.
  Time since last request: 154.831954 seconds.
  path: Assets/Assets/Text.mat
  artifactKey: Guid(d623a01c15e3d554f8af431eb5fac570) Importer(815301076,1909f56bfc062723c751e8b465ee728b)
Start importing Assets/Assets/Text.mat using Guid(d623a01c15e3d554f8af431eb5fac570) Importer(815301076,1909f56bfc062723c751e8b465ee728b)  -> (artifact id: '7c8ca4b7be284e41f4013219570e210e') in 2.183407 seconds
Number of updated asset objects reloaded before import = 0
Number of asset objects unloaded after import = 5
========================================================================
Received Import Request.
  Time since last request: 204.712903 seconds.
  path: Assets/Assets/New Lighting Settings 1.lighting
  artifactKey: Guid(fb0c87e15ae197942a31af5515df318f) Importer(815301076,1909f56bfc062723c751e8b465ee728b)
Start importing Assets/Assets/New Lighting Settings 1.lighting using Guid(fb0c87e15ae197942a31af5515df318f) Importer(815301076,1909f56bfc062723c751e8b465ee728b)  -> (artifact id: 'be9b78752f3c67b149654c45088bfe51') in 0.002235 seconds
Number of updated asset objects reloaded before import = 0
Number of asset objects unloaded after import = 1
========================================================================
Received Import Request.
  Time since last request: 40.996436 seconds.
  path: Assets/Scenes/SampleScene/Hamburguesa_High Profile.asset
  artifactKey: Guid(8d42fb7a3cd82f84bb9a8f692d9a7a13) Importer(815301076,1909f56bfc062723c751e8b465ee728b)
Start importing Assets/Scenes/SampleScene/Hamburguesa_High Profile.asset using Guid(8d42fb7a3cd82f84bb9a8f692d9a7a13) Importer(815301076,1909f56bfc062723c751e8b465ee728b)  -> (artifact id: 'fbcd9c17892d5d27a9b4de27d75f0b66') in 0.002562 seconds
Number of updated asset objects reloaded before import = 0
Number of asset objects unloaded after import = 2
========================================================================
Received Import Request.
  Time since last request: 0.000029 seconds.
  path: Assets/Scenes/SampleScene/Hamburguesa_High Profile 2.asset
  artifactKey: Guid(8021e492d5df97d4f871d92fa40436da) Importer(815301076,1909f56bfc062723c751e8b465ee728b)
Start importing Assets/Scenes/SampleScene/Hamburguesa_High Profile 2.asset using Guid(8021e492d5df97d4f871d92fa40436da) Importer(815301076,1909f56bfc062723c751e8b465ee728b)  -> (artifact id: '80f4eec81aea13360452411cf035b112') in 0.001897 seconds
Number of updated asset objects reloaded before import = 0
Number of asset objects unloaded after import = 1
========================================================================
Received Import Request.
  Time since last request: 23.340613 seconds.
  path: Assets/Scenes/SampleScene
  artifactKey: Guid(4f0965c2e7b9e3f4bac8859c1b6df48c) Importer(815301076,1909f56bfc062723c751e8b465ee728b)
Start importing Assets/Scenes/SampleScene using Guid(4f0965c2e7b9e3f4bac8859c1b6df48c) Importer(815301076,1909f56bfc062723c751e8b465ee728b)  -> (artifact id: '09a312ef655841d9cc9f8fa90c8b70f4') in 0.000706 seconds
Number of updated asset objects reloaded before import = 0
Number of asset objects unloaded after import = 0
========================================================================
Received Import Request.
  Time since last request: 243.221472 seconds.
  path: Assets/Assets/Text.mat
  artifactKey: Guid(d623a01c15e3d554f8af431eb5fac570) Importer(815301076,1909f56bfc062723c751e8b465ee728b)
Start importing Assets/Assets/Text.mat using Guid(d623a01c15e3d554f8af431eb5fac570) Importer(815301076,1909f56bfc062723c751e8b465ee728b)  -> (artifact id: '267585b8bbaf57fca9441c2489820c2f') in 0.040801 seconds
Number of updated asset objects reloaded before import = 0
Number of asset objects unloaded after import = 5
========================================================================
Received Import Request.
  Time since last request: 48.652309 seconds.
  path: Assets/Scenes/SampleScene/Global Volume Profile.asset
  artifactKey: Guid(a317aed5ba201c34aa0549b4658b2a3b) Importer(815301076,1909f56bfc062723c751e8b465ee728b)
Start importing Assets/Scenes/SampleScene/Global Volume Profile.asset using Guid(a317aed5ba201c34aa0549b4658b2a3b) Importer(815301076,1909f56bfc062723c751e8b465ee728b)  -> (artifact id: 'ec29da5719e60d4432a9b6b9ce6d5f50') in 0.002436 seconds
Number of updated asset objects reloaded before import = 0
Number of asset objects unloaded after import = 2
========================================================================
Received Import Request.
  Time since last request: 0.000096 seconds.
  path: Assets/Scenes/SampleScene/ReflectionProbe-0.exr
  artifactKey: Guid(e02dca639ecbe4045b4292721029aec9) Importer(815301076,1909f56bfc062723c751e8b465ee728b)
Start importing Assets/Scenes/SampleScene/ReflectionProbe-0.exr using Guid(e02dca639ecbe4045b4292721029aec9) Importer(815301076,1909f56bfc062723c751e8b465ee728b)  -> (artifact id: 'f68ed64579db3c2a0f5a0a827655cb00') in 0.082876 seconds
Number of updated asset objects reloaded before import = 0
Number of asset objects unloaded after import = 1
========================================================================
Received Import Request.
  Time since last request: 130.186667 seconds.
  path: Assets/Scenes/SampleScene/Global Volume Profile.asset
  artifactKey: Guid(a317aed5ba201c34aa0549b4658b2a3b) Importer(815301076,1909f56bfc062723c751e8b465ee728b)
Start importing Assets/Scenes/SampleScene/Global Volume Profile.asset using Guid(a317aed5ba201c34aa0549b4658b2a3b) Importer(815301076,1909f56bfc062723c751e8b465ee728b)  -> (artifact id: 'ae747eaac763a0a0313527c95780d7e4') in 0.002581 seconds
Number of updated asset objects reloaded before import = 0
Number of asset objects unloaded after import = 2
========================================================================
Received Import Request.
  Time since last request: 283.376252 seconds.
  path: Assets/Assets/Text.mat
  artifactKey: Guid(d623a01c15e3d554f8af431eb5fac570) Importer(815301076,1909f56bfc062723c751e8b465ee728b)
Start importing Assets/Assets/Text.mat using Guid(d623a01c15e3d554f8af431eb5fac570) Importer(815301076,1909f56bfc062723c751e8b465ee728b)  -> (artifact id: 'd6328179988bef6987674b18580f5756') in 0.040561 seconds
Number of updated asset objects reloaded before import = 0
Number of asset objects unloaded after import = 5
========================================================================
Received Import Request.
  Time since last request: 625.213807 seconds.
  path: Assets/Prefabs/Hamburguesa_Low.prefab
  artifactKey: Guid(3d14413693432ea448bbda5b9b08e747) Importer(815301076,1909f56bfc062723c751e8b465ee728b)
Start importing Assets/Prefabs/Hamburguesa_Low.prefab using Guid(3d14413693432ea448bbda5b9b08e747) Importer(815301076,1909f56bfc062723c751e8b465ee728b)  -> (artifact id: '3a30bc504c2428150da0799ebaca0e1e') in 0.048438 seconds
Number of updated asset objects reloaded before import = 0
Number of asset objects unloaded after import = 20
========================================================================
Received Import Request.
  Time since last request: 1.317123 seconds.
  path: Assets/Prefabs/Hamburguesa_High.prefab
  artifactKey: Guid(5c238f54b7e8fa041a4cd93f61abf26f) Importer(815301076,1909f56bfc062723c751e8b465ee728b)
Start importing Assets/Prefabs/Hamburguesa_High.prefab using Guid(5c238f54b7e8fa041a4cd93f61abf26f) Importer(815301076,1909f56bfc062723c751e8b465ee728b)  -> (artifact id: 'f8b26e77a0c524152f0d61d12cc01899') in 0.040572 seconds
Number of updated asset objects reloaded before import = 0
Number of asset objects unloaded after import = 20
========================================================================
Received Import Request.
  Time since last request: 6.770481 seconds.
  path: Assets/Prefabs/Hamburguesa_High.prefab
  artifactKey: Guid(5c238f54b7e8fa041a4cd93f61abf26f) Importer(815301076,1909f56bfc062723c751e8b465ee728b)
Start importing Assets/Prefabs/Hamburguesa_High.prefab using Guid(5c238f54b7e8fa041a4cd93f61abf26f) Importer(815301076,1909f56bfc062723c751e8b465ee728b)  -> (artifact id: 'bce9aa7090b3efc43475542049749901') in 0.041868 seconds
Number of updated asset objects reloaded before import = 0
Number of asset objects unloaded after import = 20
